Thu Feb 07 2019 19:41:45 GMT-0500 (Eastern Standard Time): GET /about
Thu Feb 07 2019 19:45:13 GMT-0500 (Eastern Standard Time): GET /about
Thu Feb 07 2019 19:45:14 GMT-0500 (Eastern Standard Time): GET /about
Thu Feb 07 2019 19:45:14 GMT-0500 (Eastern Standard Time): GET /about
Thu Feb 07 2019 19:45:15 GMT-0500 (Eastern Standard Time): GET /about
Thu Feb 07 2019 19:46:32 GMT-0500 (Eastern Standard Time): GET /help.html
Thu Feb 07 2019 19:46:33 GMT-0500 (Eastern Standard Time): GET /help.html
Thu Feb 07 2019 19:46:34 GMT-0500 (Eastern Standard Time): GET /help.html
Thu Feb 07 2019 19:46:34 GMT-0500 (Eastern Standard Time): GET /help.html
Thu Feb 07 2019 19:46:34 GMT-0500 (Eastern Standard Time): GET /help.html
Thu Feb 07 2019 19:46:35 GMT-0500 (Eastern Standard Time): GET /help.html
Thu Feb 07 2019 19:46:35 GMT-0500 (Eastern Standard Time): GET /help.html
Thu Feb 07 2019 19:47:04 GMT-0500 (Eastern Standard Time): GET /help.html
Thu Feb 07 2019 19:47:09 GMT-0500 (Eastern Standard Time): GET /
Thu Feb 07 2019 19:47:11 GMT-0500 (Eastern Standard Time): GET /
Thu Feb 07 2019 19:47:12 GMT-0500 (Eastern Standard Time): GET /about
Thu Feb 07 2019 19:47:13 GMT-0500 (Eastern Standard Time): GET /
Thu Feb 07 2019 19:48:09 GMT-0500 (Eastern Standard Time): GET /
Thu Feb 07 2019 19:48:14 GMT-0500 (Eastern Standard Time): GET /about
Thu Feb 07 2019 19:48:21 GMT-0500 (Eastern Standard Time): GET /about
Thu Feb 07 2019 19:48:23 GMT-0500 (Eastern Standard Time): GET /
Thu Feb 07 2019 19:48:24 GMT-0500 (Eastern Standard Time): GET /about
Thu Feb 07 2019 19:48:25 GMT-0500 (Eastern Standard Time): GET /
Sat Feb 09 2019 12:57:39 GMT-0500 (Eastern Standard Time): GET /
Sat Feb 09 2019 12:57:40 GMT-0500 (Eastern Standard Time): GET /favicon.ico
Sat Feb 09 2019 12:57:41 GMT-0500 (Eastern Standard Time): GET /projects
Sat Feb 09 2019 12:57:44 GMT-0500 (Eastern Standard Time): GET /
Sat Feb 09 2019 12:57:44 GMT-0500 (Eastern Standard Time): GET /about
Sat Feb 09 2019 12:57:45 GMT-0500 (Eastern Standard Time): GET /projects
